<?xml version="1.0" encoding="UTF-8"?>
<!-- Generated by org.testng.reporters.JUnitReportReporter -->
<testsuite hostname="hp-pc" name="tests.ComparePriceTest" tests="3" failures="0" timestamp="1 Feb 2020 12:18:52 GMT" time="31.413" errors="0">
  <testcase name="CcomparePrice" time="2.761" classname="tests.ComparePriceTest"/>
  <testcase name="AgetFlipkartPrice" time="11.422" classname="tests.ComparePriceTest"/>
  <testcase name="BgetAmazonPrice" time="17.230" classname="tests.ComparePriceTest"/>
</testsuite> <!-- tests.ComparePriceTest -->
